Backup started at 2026-06-09_08-12-15
Backup successful: backup_2026-06-09_08-12-15.tar.gz
Backup started at 2026-06-09_08-14-23
Backup successful: backup_2026-06-09_08-14-23.tar.gz
Backup started at 2026-06-09_08-17-01
Backup successful: backup_2026-06-09_08-17-01.tar.gz
Backup started at 2026-06-09_08-18-01
Backup successful: backup_2026-06-09_08-18-01.tar.gz
Backup started at 2026-06-09_08-19-01
Backup successful: backup_2026-06-09_08-19-01.tar.gz
Backup started at 2026-06-09_08-20-01
Backup successful: backup_2026-06-09_08-20-01.tar.gz
Backup started at 2026-06-09_08-21-01
Backup successful: backup_2026-06-09_08-21-01.tar.gz
Backup started at 2026-06-09_08-22-01
Backup successful: backup_2026-06-09_08-22-01.tar.gz
Backup started at 2026-06-09_08-23-02
Backup successful: backup_2026-06-09_08-23-02.tar.gz
Backup started at 2026-06-09_08-24-01
Backup successful: backup_2026-06-09_08-24-01.tar.gz
Backup started at 2026-06-09_08-25-01
Backup successful: backup_2026-06-09_08-25-01.tar.gz
Backup started at 2026-06-09_08-26-01
Backup successful: backup_2026-06-09_08-26-01.tar.gz
Backup started at 2026-06-09_08-27-01
Backup successful: backup_2026-06-09_08-27-01.tar.gz
Backup started at 2026-06-09_08-28-01
Backup successful: backup_2026-06-09_08-28-01.tar.gz
Backup started at 2026-06-09_08-29-01
Backup successful: backup_2026-06-09_08-29-01.tar.gz
Backup started at 2026-06-09_08-30-01
Backup successful: backup_2026-06-09_08-30-01.tar.gz
Backup started at 2026-06-09_08-31-01
Backup successful: backup_2026-06-09_08-31-01.tar.gz
Backup started at 2026-06-09_09-00-01
Backup successful: backup_2026-06-09_09-00-01.tar.gz
Backup started at 2026-06-09_10-00-01
Backup successful: backup_2026-06-09_10-00-01.tar.gz
Backup started at 2026-06-09_11-00-01
Backup successful: backup_2026-06-09_11-00-01.tar.gz
Backup started at 2026-06-09_11-25-01
Backup successful: backup_2026-06-09_11-25-01.tar.gz
Backup started at 2026-06-09_11-30-01
Backup successful: backup_2026-06-09_11-30-01.tar.gz
Backup started at 2026-06-09_11-35-01
Backup successful: backup_2026-06-09_11-35-01.tar.gz
Backup started at 2026-06-09_11-40-01
Backup successful: backup_2026-06-09_11-40-01.tar.gz
Backup started at 2026-06-09_11-45-01
Backup successful: backup_2026-06-09_11-45-01.tar.gz
Backup started at 2026-06-09_11-50-01
Backup successful: backup_2026-06-09_11-50-01.tar.gz
Backup started at 2026-06-09_11-55-02
Backup successful: backup_2026-06-09_11-55-02.tar.gz
Backup started at 2026-06-09_12-00-01
Backup successful: backup_2026-06-09_12-00-01.tar.gz
Backup started at 2026-06-09_12-04-04
Backup successful: backup_2026-06-09_12-04-04.tar.gz
Backup started at 2026-06-09_12-05-01
Backup successful: backup_2026-06-09_12-05-01.tar.gz
Backup started at 2026-06-09_12-10-01
Backup successful: backup_2026-06-09_12-10-01.tar.gz
Backup started at 2026-06-09_12-14-12
Backup successful: backup_2026-06-09_12-14-12.tar.gz
Uploading to Azure Blob...
Upload successful: backup_2026-06-09_12-14-12.tar.gz
Backup started at 2026-06-09_12-15-01
Backup successful: backup_2026-06-09_12-15-01.tar.gz
Uploading to Azure Blob...
Azure upload failed: backup_2026-06-09_12-15-01.tar.gz
Backup started at 2026-06-09_12-20-01
Backup successful: backup_2026-06-09_12-20-01.tar.gz
Uploading to Azure Blob...
Azure upload failed: backup_2026-06-09_12-20-01.tar.gz
Backup started at 2026-06-09_12-25-01
Backup successful: backup_2026-06-09_12-25-01.tar.gz
Uploading to Azure Blob...
Azure upload failed: backup_2026-06-09_12-25-01.tar.gz
Backup started at 2026-06-09_12-30-01
Backup successful: backup_2026-06-09_12-30-01.tar.gz
Uploading to Azure Blob...
Azure upload failed: backup_2026-06-09_12-30-01.tar.gz
Backup started at 2026-06-09_12-35-01
Backup successful: backup_2026-06-09_12-35-01.tar.gz
Uploading to Azure Blob...
Azure upload failed: backup_2026-06-09_12-35-01.tar.gz
Backup started at 2026-06-09_12-40-01
Backup successful: backup_2026-06-09_12-40-01.tar.gz
Uploading to Azure Blob...
Azure upload failed: backup_2026-06-09_12-40-01.tar.gz
Backup started at 2026-06-09_12-45-01
Backup successful: backup_2026-06-09_12-45-01.tar.gz
Uploading to Azure Blob...
Azure upload failed: backup_2026-06-09_12-45-01.tar.gz
Backup started at 2026-06-09_12-50-01
Backup successful: backup_2026-06-09_12-50-01.tar.gz
Uploading to Azure Blob...
Azure upload failed: backup_2026-06-09_12-50-01.tar.gz
Backup started at 2026-06-09_12-55-01
Backup successful: backup_2026-06-09_12-55-01.tar.gz
Uploading to Azure Blob...
Azure upload failed: backup_2026-06-09_12-55-01.tar.gz
Backup started at 2026-06-09_13-00-01
Backup successful: backup_2026-06-09_13-00-01.tar.gz
Uploading to Azure Blob...
Azure upload failed: backup_2026-06-09_13-00-01.tar.gz
Backup started at 2026-06-09_13-05-01
Backup successful: backup_2026-06-09_13-05-01.tar.gz
Uploading to Azure Blob...
Azure upload failed: backup_2026-06-09_13-05-01.tar.gz
Backup started at 2026-06-09_13-10-01
Backup successful: backup_2026-06-09_13-10-01.tar.gz
Uploading to Azure Blob...
Azure upload failed: backup_2026-06-09_13-10-01.tar.gz
Backup started at 2026-06-09_13-15-01
Backup successful: backup_2026-06-09_13-15-01.tar.gz
Uploading to Azure Blob...
Azure upload failed: backup_2026-06-09_13-15-01.tar.gz
Backup started at 2026-06-09_13-20-01
Backup successful: backup_2026-06-09_13-20-01.tar.gz
Uploading to Azure Blob...
Azure upload failed: backup_2026-06-09_13-20-01.tar.gz
Backup started at 2026-06-09_13-25-01
Backup successful: backup_2026-06-09_13-25-01.tar.gz
Uploading to Azure Blob...
Azure upload failed: backup_2026-06-09_13-25-01.tar.gz
Backup started at 2026-06-09_13-30-01
Backup successful: backup_2026-06-09_13-30-01.tar.gz
Uploading to Azure Blob...
Azure upload failed: backup_2026-06-09_13-30-01.tar.gz
Backup started at 2026-06-09_13-35-01
Backup successful: backup_2026-06-09_13-35-01.tar.gz
Uploading to Azure Blob...
Azure upload failed: backup_2026-06-09_13-35-01.tar.gz
Backup started at 2026-06-09_13-40-01
Backup successful: backup_2026-06-09_13-40-01.tar.gz
Uploading to Azure Blob...
Azure upload failed: backup_2026-06-09_13-40-01.tar.gz
Backup started at 2026-06-09_13-45-01
Backup successful: backup_2026-06-09_13-45-01.tar.gz
Uploading to Azure Blob...
Azure upload failed: backup_2026-06-09_13-45-01.tar.gz
Backup started at 2026-06-09_13-50-01
Backup successful: backup_2026-06-09_13-50-01.tar.gz
Uploading to Azure Blob...
Azure upload failed: backup_2026-06-09_13-50-01.tar.gz
Backup started at 2026-06-09_13-55-01
Backup successful: backup_2026-06-09_13-55-01.tar.gz
Uploading to Azure Blob...
Azure upload failed: backup_2026-06-09_13-55-01.tar.gz
Backup started at 2026-06-09_14-00-01
Backup successful: backup_2026-06-09_14-00-01.tar.gz
Uploading to Azure Blob...
Azure upload failed: backup_2026-06-09_14-00-01.tar.gz
Backup started at 2026-06-09_14-05-01
Backup successful: backup_2026-06-09_14-05-01.tar.gz
Uploading to Azure Blob...
Azure upload failed: backup_2026-06-09_14-05-01.tar.gz
Backup started at 2026-06-09_14-10-01
Backup successful: backup_2026-06-09_14-10-01.tar.gz
Uploading to Azure Blob...
Azure upload failed: backup_2026-06-09_14-10-01.tar.gz
Backup started at 2026-06-09_14-15-01
Backup successful: backup_2026-06-09_14-15-01.tar.gz
Uploading to Azure Blob...
Azure upload failed: backup_2026-06-09_14-15-01.tar.gz
Backup started at 2026-06-09_14-20-01
Backup successful: backup_2026-06-09_14-20-01.tar.gz
Uploading to Azure Blob...
Azure upload failed: backup_2026-06-09_14-20-01.tar.gz
Backup started at 2026-06-09_14-25-01
Backup successful: backup_2026-06-09_14-25-01.tar.gz
Uploading to Azure Blob...
Azure upload failed: backup_2026-06-09_14-25-01.tar.gz
Backup started at 2026-06-09_14-30-01
Backup successful: backup_2026-06-09_14-30-01.tar.gz
Uploading to Azure Blob...
Azure upload failed: backup_2026-06-09_14-30-01.tar.gz
Backup started at 2026-06-09_14-35-01
Backup successful: backup_2026-06-09_14-35-01.tar.gz
Uploading to Azure Blob...
Azure upload failed: backup_2026-06-09_14-35-01.tar.gz
Backup started at 2026-06-09_14-40-01
Backup successful: backup_2026-06-09_14-40-01.tar.gz
Uploading to Azure Blob...
Azure upload failed: backup_2026-06-09_14-40-01.tar.gz
Backup started at 2026-06-09_14-45-01
Backup successful: backup_2026-06-09_14-45-01.tar.gz
Uploading to Azure Blob...
Azure upload failed: backup_2026-06-09_14-45-01.tar.gz
Backup started at 2026-06-09_14-50-01
Backup successful: backup_2026-06-09_14-50-01.tar.gz
Uploading to Azure Blob...
Azure upload failed: backup_2026-06-09_14-50-01.tar.gz
Backup started at 2026-06-09_14-55-01
Backup successful: backup_2026-06-09_14-55-01.tar.gz
Uploading to Azure Blob...
Azure upload failed: backup_2026-06-09_14-55-01.tar.gz
Backup started at 2026-06-09_15-00-01
Backup successful: backup_2026-06-09_15-00-01.tar.gz
Uploading to Azure Blob...
Azure upload failed: backup_2026-06-09_15-00-01.tar.gz
Backup started at 2026-06-09_15-05-01
Backup successful: backup_2026-06-09_15-05-01.tar.gz
Uploading to Azure Blob...
Azure upload failed: backup_2026-06-09_15-05-01.tar.gz
Backup started at 2026-06-09_15-10-02
Backup successful: backup_2026-06-09_15-10-02.tar.gz
Uploading to Azure Blob...
Azure upload failed: backup_2026-06-09_15-10-02.tar.gz
Backup started at 2026-06-09_15-15-01
Backup successful: backup_2026-06-09_15-15-01.tar.gz
Uploading to Azure Blob...
Azure upload failed: backup_2026-06-09_15-15-01.tar.gz
Backup started at 2026-06-09_15-20-01
Backup successful: backup_2026-06-09_15-20-01.tar.gz
Uploading to Azure Blob...
Azure upload failed: backup_2026-06-09_15-20-01.tar.gz
Backup started at 2026-06-09_15-25-01
Backup successful: backup_2026-06-09_15-25-01.tar.gz
Uploading to Azure Blob...
Azure upload failed: backup_2026-06-09_15-25-01.tar.gz
Backup started at 2026-06-09_15-30-01
Backup successful: backup_2026-06-09_15-30-01.tar.gz
Uploading to Azure Blob...
Azure upload failed: backup_2026-06-09_15-30-01.tar.gz
Backup started at 2026-06-09_15-35-01
Backup successful: backup_2026-06-09_15-35-01.tar.gz
Uploading to Azure Blob...
Azure upload failed: backup_2026-06-09_15-35-01.tar.gz
Backup started at 2026-06-09_15-40-01
Backup successful: backup_2026-06-09_15-40-01.tar.gz
Uploading to Azure Blob...
Azure upload failed: backup_2026-06-09_15-40-01.tar.gz
Backup started at 2026-06-09_15-45-01
Backup successful: backup_2026-06-09_15-45-01.tar.gz
Uploading to Azure Blob...
Azure upload failed: backup_2026-06-09_15-45-01.tar.gz
Backup started at 2026-06-09_15-50-01
Backup successful: backup_2026-06-09_15-50-01.tar.gz
Uploading to Azure Blob...
Azure upload failed: backup_2026-06-09_15-50-01.tar.gz
Backup started at 2026-06-09_15-55-01
Backup successful: backup_2026-06-09_15-55-01.tar.gz
Uploading to Azure Blob...
Azure upload failed: backup_2026-06-09_15-55-01.tar.gz
Backup started at 2026-06-09_16-00-01
Backup successful: backup_2026-06-09_16-00-01.tar.gz
Uploading to Azure Blob...
Azure upload failed: backup_2026-06-09_16-00-01.tar.gz
Backup started at 2026-06-09_16-05-01
Backup successful: backup_2026-06-09_16-05-01.tar.gz
Uploading to Azure Blob...
Azure upload failed: backup_2026-06-09_16-05-01.tar.gz
Backup started at 2026-06-09_16-10-01
Backup successful: backup_2026-06-09_16-10-01.tar.gz
Uploading to Azure Blob...
Azure upload failed: backup_2026-06-09_16-10-01.tar.gz
Backup started at 2026-06-09_16-15-01
Backup successful: backup_2026-06-09_16-15-01.tar.gz
Uploading to Azure Blob...
Azure upload failed: backup_2026-06-09_16-15-01.tar.gz
Backup started at 2026-06-09_16-20-01
Backup successful: backup_2026-06-09_16-20-01.tar.gz
Uploading to Azure Blob...
Azure upload failed: backup_2026-06-09_16-20-01.tar.gz
Backup started at 2026-06-09_16-25-01
Backup successful: backup_2026-06-09_16-25-01.tar.gz
Uploading to Azure Blob...
Azure upload failed: backup_2026-06-09_16-25-01.tar.gz
Backup started at 2026-06-09_16-30-01
Backup successful: backup_2026-06-09_16-30-01.tar.gz
Uploading to Azure Blob...
Azure upload failed: backup_2026-06-09_16-30-01.tar.gz
Backup started at 2026-06-09_16-35-01
Backup successful: backup_2026-06-09_16-35-01.tar.gz
Uploading to Azure Blob...
Azure upload failed: backup_2026-06-09_16-35-01.tar.gz
Backup started at 2026-06-09_16-40-02
Backup successful: backup_2026-06-09_16-40-02.tar.gz
Uploading to Azure Blob...
Azure upload failed: backup_2026-06-09_16-40-02.tar.gz
Backup started at 2026-06-09_16-45-01
Backup successful: backup_2026-06-09_16-45-01.tar.gz
Uploading to Azure Blob...
Azure upload failed: backup_2026-06-09_16-45-01.tar.gz
Backup started at 2026-06-09_16-50-01
Backup successful: backup_2026-06-09_16-50-01.tar.gz
Uploading to Azure Blob...
Azure upload failed: backup_2026-06-09_16-50-01.tar.gz
Backup started at 2026-06-09_16-55-01
Backup successful: backup_2026-06-09_16-55-01.tar.gz
Uploading to Azure Blob...
Azure upload failed: backup_2026-06-09_16-55-01.tar.gz
Backup started at 2026-06-09_17-00-01
Backup successful: backup_2026-06-09_17-00-01.tar.gz
Uploading to Azure Blob...
Azure upload failed: backup_2026-06-09_17-00-01.tar.gz
Backup started at 2026-06-09_17-05-01
Backup successful: backup_2026-06-09_17-05-01.tar.gz
Uploading to Azure Blob...
Azure upload failed: backup_2026-06-09_17-05-01.tar.gz
Backup started at 2026-06-09_17-10-01
Backup successful: backup_2026-06-09_17-10-01.tar.gz
Uploading to Azure Blob...
Azure upload failed: backup_2026-06-09_17-10-01.tar.gz
Backup started at 2026-06-09_17-15-01
Backup successful: backup_2026-06-09_17-15-01.tar.gz
Uploading to Azure Blob...
Azure upload failed: backup_2026-06-09_17-15-01.tar.gz
Backup started at 2026-06-09_17-20-01
Backup successful: backup_2026-06-09_17-20-01.tar.gz
Uploading to Azure Blob...
Azure upload failed: backup_2026-06-09_17-20-01.tar.gz
Backup started at 2026-06-09_17-25-01
Backup successful: backup_2026-06-09_17-25-01.tar.gz
Uploading to Azure Blob...
Azure upload failed: backup_2026-06-09_17-25-01.tar.gz
Backup started at 2026-06-09_17-28-01
Backup successful: backup_2026-06-09_17-28-01.tar.gz
Uploading to Azure Blob...
Azure upload failed: backup_2026-06-09_17-28-01.tar.gz
Backup started at 2026-06-09_17-30-01
Backup successful: backup_2026-06-09_17-30-01.tar.gz
Uploading to Azure Blob...
Azure upload failed: backup_2026-06-09_17-30-01.tar.gz
Backup started at 2026-06-09_17-35-01
Backup successful: backup_2026-06-09_17-35-01.tar.gz
Uploading to Azure Blob...
Azure upload failed: backup_2026-06-09_17-35-01.tar.gz
Backup started at 2026-06-09_17-40-01
Backup successful: backup_2026-06-09_17-40-01.tar.gz
Uploading to Azure Blob...
Azure upload failed: backup_2026-06-09_17-40-01.tar.gz
Backup started at 2026-06-09_17-40-34
Backup successful: backup_2026-06-09_17-40-34.tar.gz
Uploading to Azure Blob...
Azure upload failed: backup_2026-06-09_17-40-34.tar.gz
Backup started at 2026-06-09_17-40-57
Backup successful: backup_2026-06-09_17-40-57.tar.gz
Uploading to Azure Blob...
Azure upload failed: backup_2026-06-09_17-40-57.tar.gz
Backup started at 2026-06-09_17-45-01
Backup successful: backup_2026-06-09_17-45-01.tar.gz
Uploading to Azure Blob...
Azure upload failed: backup_2026-06-09_17-45-01.tar.gz
Backup started at 2026-06-09_17-47-02
Backup successful: backup_2026-06-09_17-47-02.tar.gz
Uploading to Azure Blob...
Upload successful: backup_2026-06-09_17-47-02.tar.gz
Backup started at 2026-06-09_17-50-01
Backup successful: backup_2026-06-09_17-50-01.tar.gz
Uploading to Azure Blob...
Azure upload failed: backup_2026-06-09_17-50-01.tar.gz
Backup started at 2026-06-09_17-55-01
Backup successful: backup_2026-06-09_17-55-01.tar.gz
Uploading to Azure Blob...
Azure upload failed: backup_2026-06-09_17-55-01.tar.gz
Backup started at 2026-06-09_18-00-01
Backup successful: backup_2026-06-09_18-00-01.tar.gz
Uploading to Azure Blob...
Azure upload failed: backup_2026-06-09_18-00-01.tar.gz
Backup started at 2026-06-09_18-05-01
Backup successful: backup_2026-06-09_18-05-01.tar.gz
Uploading to Azure Blob...
Azure upload failed: backup_2026-06-09_18-05-01.tar.gz
Backup started at 2026-06-09_18-10-01
Backup successful: backup_2026-06-09_18-10-01.tar.gz
Uploading to Azure Blob...
Azure upload failed: backup_2026-06-09_18-10-01.tar.gz
Backup started at 2026-06-09_18-12-51
Backup successful: backup_2026-06-09_18-12-51.tar.gz
Uploading to Azure Blob...
Upload successful: backup_2026-06-09_18-12-51.tar.gz
Backup started at 2026-06-09_18-15-01
Backup successful: backup_2026-06-09_18-15-01.tar.gz
Uploading to Azure Blob...
Azure upload failed: backup_2026-06-09_18-15-01.tar.gz
Backup started at 2026-06-09_18-20-01
Backup successful: backup_2026-06-09_18-20-01.tar.gz
Uploading to Azure Blob...
Azure upload failed: backup_2026-06-09_18-20-01.tar.gz
Backup started at 2026-06-10_07-13-18
Backup successful: backup_2026-06-10_07-13-18.tar.gz
Uploading to Azure Blob...
Azure upload failed: backup_2026-06-10_07-13-18.tar.gz
Deleted backups older than 90 days
Backup started at 2026-06-11_06-42-30
Backup successful: backup_2026-06-11_06-42-30.tar.gz
Uploading to Azure Blob...
Backup started at 2026-06-11_07-03-08
Backup successful: backup_2026-06-11_07-03-08.tar.gz
Uploading to Azure Blob...
Azure upload failed: backup_2026-06-11_07-03-08.tar.gz
Deleted backups older than 90 days
Cleaning old Azure backups...
Azure cleanup completed
Backup started at 2026-06-11_07-05-01
Backup successful: backup_2026-06-11_07-05-01.tar.gz
Uploading to Azure Blob...
Upload successful: backup_2026-06-11_07-05-01.tar.gz
Deleted backups older than 90 days
Cleaning old Azure backups...
Azure cleanup completed
